[0.004s] Invoking command in '/home/charan/ros2_ws/build/my_robot_bringup': AMENT_PREFIX_PATH=/home/charan/ros2_ws/install/my_robot_description:${AMENT_PREFIX_PATH} CMAKE_PREFIX_PATH=/home/charan/ros2_ws/install/my_robot_description:/opt/ros/humble /usr/bin/cmake /home/charan/ros2_ws/src/my_robot_bringup -DCMAKE_INSTALL_PREFIX=/home/charan/ros2_ws/install/my_robot_bringup
[0.048s] -- The C compiler identification is GNU 11.4.0
[0.090s] -- The CXX compiler identification is GNU 11.4.0
[0.094s] -- Detecting C compiler ABI info
[0.154s] -- Detecting C compiler ABI info - done
[0.159s] -- Check for working C compiler: /usr/bin/cc - skipped
[0.160s] -- Detecting C compile features
[0.160s] -- Detecting C compile features - done
[0.163s] -- Detecting CXX compiler ABI info
[0.213s] -- Detecting CXX compiler ABI info - done
[0.218s] -- Check for working CXX compiler: /usr/bin/c++ - skipped
[0.218s] -- Detecting CXX compile features
[0.218s] -- Detecting CXX compile features - done
[0.220s] -- Found ament_cmake: 1.3.11 (/opt/ros/humble/share/ament_cmake/cmake)
[0.314s] -- Found Python3: /usr/bin/python3 (found version "3.10.12") found components: Interpreter 
[0.404s] -- Configuring done
[0.406s] -- Generating done
[0.406s] -- Build files have been written to: /home/charan/ros2_ws/build/my_robot_bringup
[0.409s] Invoked command in '/home/charan/ros2_ws/build/my_robot_bringup' returned '0': AMENT_PREFIX_PATH=/home/charan/ros2_ws/install/my_robot_description:${AMENT_PREFIX_PATH} CMAKE_PREFIX_PATH=/home/charan/ros2_ws/install/my_robot_description:/opt/ros/humble /usr/bin/cmake /home/charan/ros2_ws/src/my_robot_bringup -DCMAKE_INSTALL_PREFIX=/home/charan/ros2_ws/install/my_robot_bringup
[0.410s] Invoking command in '/home/charan/ros2_ws/build/my_robot_bringup': AMENT_PREFIX_PATH=/home/charan/ros2_ws/install/my_robot_description:${AMENT_PREFIX_PATH} CMAKE_PREFIX_PATH=/home/charan/ros2_ws/install/my_robot_description:/opt/ros/humble /usr/bin/cmake --build /home/charan/ros2_ws/build/my_robot_bringup -- -j8 -l8
[0.436s] Invoked command in '/home/charan/ros2_ws/build/my_robot_bringup' returned '0': AMENT_PREFIX_PATH=/home/charan/ros2_ws/install/my_robot_description:${AMENT_PREFIX_PATH} CMAKE_PREFIX_PATH=/home/charan/ros2_ws/install/my_robot_description:/opt/ros/humble /usr/bin/cmake --build /home/charan/ros2_ws/build/my_robot_bringup -- -j8 -l8
[0.437s] Invoking command in '/home/charan/ros2_ws/build/my_robot_bringup': AMENT_PREFIX_PATH=/home/charan/ros2_ws/install/my_robot_description:${AMENT_PREFIX_PATH} CMAKE_PREFIX_PATH=/home/charan/ros2_ws/install/my_robot_description:/opt/ros/humble /usr/bin/cmake --install /home/charan/ros2_ws/build/my_robot_bringup
[0.444s] -- Install configuration: ""
[0.444s] -- Installing: /home/charan/ros2_ws/install/my_robot_bringup/share/my_robot_bringup//launch
[0.444s] -- Installing: /home/charan/ros2_ws/install/my_robot_bringup/share/my_robot_bringup//launch/my_robot_gazebo.launch.xml
[0.444s] -- Installing: /home/charan/ros2_ws/install/my_robot_bringup/share/my_robot_bringup//rviz
[0.444s] -- Installing: /home/charan/ros2_ws/install/my_robot_bringup/share/my_robot_bringup//rviz/urdf_config.rviz
[0.444s] -- Installing: /home/charan/ros2_ws/install/my_robot_bringup/share/my_robot_bringup//worlds
[0.444s] -- Installing: /home/charan/ros2_ws/install/my_robot_bringup/share/my_robot_bringup//worlds/test_world.world
[0.444s] -- Installing: /home/charan/ros2_ws/install/my_robot_bringup/share/ament_index/resource_index/package_run_dependencies/my_robot_bringup
[0.444s] -- Installing: /home/charan/ros2_ws/install/my_robot_bringup/share/ament_index/resource_index/parent_prefix_path/my_robot_bringup
[0.444s] -- Installing: /home/charan/ros2_ws/install/my_robot_bringup/share/my_robot_bringup/environment/ament_prefix_path.sh
[0.444s] -- Installing: /home/charan/ros2_ws/install/my_robot_bringup/share/my_robot_bringup/environment/ament_prefix_path.dsv
[0.444s] -- Installing: /home/charan/ros2_ws/install/my_robot_bringup/share/my_robot_bringup/environment/path.sh
[0.444s] -- Installing: /home/charan/ros2_ws/install/my_robot_bringup/share/my_robot_bringup/environment/path.dsv
[0.444s] -- Installing: /home/charan/ros2_ws/install/my_robot_bringup/share/my_robot_bringup/local_setup.bash
[0.445s] -- Installing: /home/charan/ros2_ws/install/my_robot_bringup/share/my_robot_bringup/local_setup.sh
[0.445s] -- Installing: /home/charan/ros2_ws/install/my_robot_bringup/share/my_robot_bringup/local_setup.zsh
[0.445s] -- Installing: /home/charan/ros2_ws/install/my_robot_bringup/share/my_robot_bringup/local_setup.dsv
[0.445s] -- Installing: /home/charan/ros2_ws/install/my_robot_bringup/share/my_robot_bringup/package.dsv
[0.445s] -- Installing: /home/charan/ros2_ws/install/my_robot_bringup/share/ament_index/resource_index/packages/my_robot_bringup
[0.445s] -- Installing: /home/charan/ros2_ws/install/my_robot_bringup/share/my_robot_bringup/cmake/my_robot_bringupConfig.cmake
[0.445s] -- Installing: /home/charan/ros2_ws/install/my_robot_bringup/share/my_robot_bringup/cmake/my_robot_bringupConfig-version.cmake
[0.445s] -- Installing: /home/charan/ros2_ws/install/my_robot_bringup/share/my_robot_bringup/package.xml
[0.446s] Invoked command in '/home/charan/ros2_ws/build/my_robot_bringup' returned '0': AMENT_PREFIX_PATH=/home/charan/ros2_ws/install/my_robot_description:${AMENT_PREFIX_PATH} CMAKE_PREFIX_PATH=/home/charan/ros2_ws/install/my_robot_description:/opt/ros/humble /usr/bin/cmake --install /home/charan/ros2_ws/build/my_robot_bringup
