[0.005s] Invoking command in '/home/charan/ros2_ws/build/my_robot_bringup': CMAKE_PREFIX_PATH=/home/charan/ros2_ws/install/my_robot_description:/home/charan/ros2_ws/install/my_robot_bringup:/opt/ros/humble /usr/bin/cmake --build /home/charan/ros2_ws/build/my_robot_bringup -- -j8 -l8
[0.032s] Invoked command in '/home/charan/ros2_ws/build/my_robot_bringup' returned '0': CMAKE_PREFIX_PATH=/home/charan/ros2_ws/install/my_robot_description:/home/charan/ros2_ws/install/my_robot_bringup:/opt/ros/humble /usr/bin/cmake --build /home/charan/ros2_ws/build/my_robot_bringup -- -j8 -l8
[0.033s] Invoking command in '/home/charan/ros2_ws/build/my_robot_bringup': CMAKE_PREFIX_PATH=/home/charan/ros2_ws/install/my_robot_description:/home/charan/ros2_ws/install/my_robot_bringup:/opt/ros/humble /usr/bin/cmake --install /home/charan/ros2_ws/build/my_robot_bringup
[0.039s] -- Install configuration: ""
[0.039s] -- Up-to-date: /home/charan/ros2_ws/install/my_robot_bringup/share/my_robot_bringup//launch
[0.039s] -- Up-to-date: /home/charan/ros2_ws/install/my_robot_bringup/share/my_robot_bringup//launch/my_robot_gazebo.launch.xml
[0.039s] -- Up-to-date: /home/charan/ros2_ws/install/my_robot_bringup/share/my_robot_bringup//rviz
[0.039s] -- Up-to-date: /home/charan/ros2_ws/install/my_robot_bringup/share/my_robot_bringup//rviz/urdf_config.rviz
[0.039s] -- Up-to-date: /home/charan/ros2_ws/install/my_robot_bringup/share/my_robot_bringup//worlds
[0.039s] -- Up-to-date: /home/charan/ros2_ws/install/my_robot_bringup/share/my_robot_bringup//worlds/test_world.world
[0.039s] -- Up-to-date: /home/charan/ros2_ws/install/my_robot_bringup/share/ament_index/resource_index/package_run_dependencies/my_robot_bringup
[0.040s] -- Up-to-date: /home/charan/ros2_ws/install/my_robot_bringup/share/ament_index/resource_index/parent_prefix_path/my_robot_bringup
[0.040s] -- Up-to-date: /home/charan/ros2_ws/install/my_robot_bringup/share/my_robot_bringup/environment/ament_prefix_path.sh
[0.040s] -- Up-to-date: /home/charan/ros2_ws/install/my_robot_bringup/share/my_robot_bringup/environment/ament_prefix_path.dsv
[0.040s] -- Up-to-date: /home/charan/ros2_ws/install/my_robot_bringup/share/my_robot_bringup/environment/path.sh
[0.040s] -- Up-to-date: /home/charan/ros2_ws/install/my_robot_bringup/share/my_robot_bringup/environment/path.dsv
[0.040s] -- Up-to-date: /home/charan/ros2_ws/install/my_robot_bringup/share/my_robot_bringup/local_setup.bash
[0.040s] -- Up-to-date: /home/charan/ros2_ws/install/my_robot_bringup/share/my_robot_bringup/local_setup.sh
[0.040s] -- Up-to-date: /home/charan/ros2_ws/install/my_robot_bringup/share/my_robot_bringup/local_setup.zsh
[0.040s] -- Up-to-date: /home/charan/ros2_ws/install/my_robot_bringup/share/my_robot_bringup/local_setup.dsv
[0.040s] -- Installing: /home/charan/ros2_ws/install/my_robot_bringup/share/my_robot_bringup/package.dsv
[0.041s] -- Up-to-date: /home/charan/ros2_ws/install/my_robot_bringup/share/ament_index/resource_index/packages/my_robot_bringup
[0.041s] -- Up-to-date: /home/charan/ros2_ws/install/my_robot_bringup/share/my_robot_bringup/cmake/my_robot_bringupConfig.cmake
[0.041s] -- Up-to-date: /home/charan/ros2_ws/install/my_robot_bringup/share/my_robot_bringup/cmake/my_robot_bringupConfig-version.cmake
[0.041s] -- Up-to-date: /home/charan/ros2_ws/install/my_robot_bringup/share/my_robot_bringup/package.xml
[0.041s] Invoked command in '/home/charan/ros2_ws/build/my_robot_bringup' returned '0': CMAKE_PREFIX_PATH=/home/charan/ros2_ws/install/my_robot_description:/home/charan/ros2_ws/install/my_robot_bringup:/opt/ros/humble /usr/bin/cmake --install /home/charan/ros2_ws/build/my_robot_bringup
